<?xml version="1.0" encoding="UTF-8"?>
<!-- Generated by org.testng.reporters.JUnitReportReporter -->
<testsuite hostname="216e5ac753bd" failures="0" tests="15" name="com.sidgupta.tests.flightreservation.FlightReservationTest" time="46.328" errors="0" timestamp="2024-08-13T15:17:40 GMT" skipped="0">
  <testcase classname="com.sidgupta.tests.flightreservation.FlightReservationTest" name="selectFlightsTest" time="2.588"/>
  <testcase classname="com.sidgupta.tests.flightreservation.FlightReservationTest" name="selectFlightsTest" time="3.064"/>
  <testcase classname="com.sidgupta.tests.flightreservation.FlightReservationTest" name="customerRegistrationTest" time="8.118"/>
  <testcase classname="com.sidgupta.tests.flightreservation.FlightReservationTest" name="searchFlightTest" time="2.324"/>
  <testcase classname="com.sidgupta.tests.flightreservation.FlightReservationTest" name="searchFlightTest" time="1.854"/>
  <testcase classname="com.sidgupta.tests.flightreservation.FlightReservationTest" name="flightConfirmationTest" time="1.932"/>
  <testcase classname="com.sidgupta.tests.flightreservation.FlightReservationTest" name="searchFlightTest" time="2.657"/>
  <testcase classname="com.sidgupta.tests.flightreservation.FlightReservationTest" name="flightConfirmationTest" time="1.887"/>
  <testcase classname="com.sidgupta.tests.flightreservation.FlightReservationTest" name="goToFlightSearchTest" time="0.271"/>
  <testcase classname="com.sidgupta.tests.flightreservation.FlightReservationTest" name="goToFlightSearchTest" time="0.280"/>
  <testcase classname="com.sidgupta.tests.flightreservation.FlightReservationTest" name="selectFlightsTest" time="3.206"/>
  <testcase classname="com.sidgupta.tests.flightreservation.FlightReservationTest" name="customerRegistrationTest" time="7.983"/>
  <testcase classname="com.sidgupta.tests.flightreservation.FlightReservationTest" name="flightConfirmationTest" time="1.377"/>
  <testcase classname="com.sidgupta.tests.flightreservation.FlightReservationTest" name="customerRegistrationTest" time="7.906"/>
  <testcase classname="com.sidgupta.tests.flightreservation.FlightReservationTest" name="goToFlightSearchTest" time="0.881"/>
</testsuite> <!-- com.sidgupta.tests.flightreservation.FlightReservationTest -->
